<?xml version="1.0" encoding="UTF-8"?>
<testsuite xmlns:xsi="http://www.w3.org/2001/XMLSchema-instance" xsi:noNamespaceSchemaLocation="https://maven.apache.org/surefire/maven-failsafe-plugin/xsd/failsafe-test-report.xsd" name="de.jodes.report.ape.UserService_IT" time="24.583" tests="2" errors="0" skipped="0" failures="0">
  <properties>
[...]
</properties>
  <testcase name="testPersistUsers" classname="de.jodes.report.ape.UserService_IT" time="0.666"/>
  <testcase name="testPersistAdditionalUsers" classname="de.jodes.report.ape.UserService_IT" time="0.244"/>
</testsuite>